
10월 24, 2016 14:03:21.68 NEW SESSION
10월 24, 2016 14:03:21.68 [1024/140321:ERROR:main_dll_loader_win.cc(196)] Could not find exported function RelaunchChromeBrowserWithNewCommandLineIfNeeded
10월 24, 2016 15:22:36.73 Vector smash protection is enabled.
10월 24, 2016 15:23:11.72 [WARNING:..\..\..\..\flash\platform\pepper\pep_module.cpp(63)] SANDBOXED
10월 24, 2016 15:23:11.73 [1024/152311:ERROR:main_dll_loader_win.cc(196)] Could not find exported function RelaunchChromeBrowserWithNewCommandLineIfNeeded
10월 24, 2016 15:23:18.04 [1212:5088:1024/152318:ERROR:connection_factory_impl.cc(367)] Failed to connect to MCS endpoint with error -106
10월 24, 2016 15:35:53.67 [1024/153553:ERROR:main_dll_loader_win.cc(196)] Could not find exported function RelaunchChromeBrowserWithNewCommandLineIfNeeded
10월 24, 2016 15:46:08.64 [1024/154608:ERROR:main_dll_loader_win.cc(196)] Could not find exported function RelaunchChromeBrowserWithNewCommandLineIfNeeded
10월 24, 2016 16:30:17.11 Vector smash protection is enabled.
10월 24, 2016 16:31:14.98 [WARNING:..\..\..\..\flash\platform\pepper\pep_module.cpp(63)] SANDBOXED
10월 24, 2016 16:31:14.98 [1024/163114:ERROR:main_dll_loader_win.cc(196)] Could not find exported function RelaunchChromeBrowserWithNewCommandLineIfNeeded
10월 24, 2016 16:38:44.26 Vector smash protection is enabled.

10월 28, 2016 09:35:15.42 NEW SESSION
10월 28, 2016 09:35:15.42 [1028/093515:ERROR:main_dll_loader_win.cc(196)] Could not find exported function RelaunchChromeBrowserWithNewCommandLineIfNeeded
10월 28, 2016 09:37:44.67 [1028/093744:ERROR:main_dll_loader_win.cc(196)] Could not find exported function RelaunchChromeBrowserWithNewCommandLineIfNeeded
10월 28, 2016 09:57:58.39 Vector smash protection is enabled.
10월 28, 2016 10:30:32.02 [4412:2208:1028/103032:ERROR:connection_factory_impl.cc(367)] Failed to connect to MCS endpoint with error -106
10월 28, 2016 10:30:54.78 [4412:2208:1028/103054:ERROR:connection_factory_impl.cc(367)] Failed to connect to MCS endpoint with error -106
10월 28, 2016 10:31:05.07 [4412:3244:1028/103105:ERROR:get_updates_processor.cc(244)] PostClientToServerMessage() failed during GetUpdates
10월 28, 2016 10:31:35.30 [4412:2208:1028/103135:ERROR:connection_factory_impl.cc(367)] Failed to connect to MCS endpoint with error -106
10월 28, 2016 10:31:50.18 [4412:3244:1028/103150:ERROR:get_updates_processor.cc(244)] PostClientToServerMessage() failed during GetUpdates
10월 28, 2016 10:33:07.01 [4412:2208:1028/103307:ERROR:connection_factory_impl.cc(367)] Failed to connect to MCS endpoint with error -106
10월 28, 2016 10:33:42.29 [4412:3244:1028/103342:ERROR:get_updates_processor.cc(244)] PostClientToServerMessage() failed during GetUpdates
10월 28, 2016 10:36:30.40 [4412:3244:1028/103630:ERROR:get_updates_processor.cc(244)] PostClientToServerMessage() failed during GetUpdates
10월 28, 2016 10:36:59.68 [4412:2208:1028/103659:ERROR:connection_factory_impl.cc(367)] Failed to connect to MCS endpoint with error -106
10월 28, 2016 10:40:42.51 [4412:3244:1028/104042:ERROR:get_updates_processor.cc(244)] PostClientToServerMessage() failed during GetUpdates
10월 28, 2016 10:43:00.81 [4412:2208:1028/104300:ERROR:connection_factory_impl.cc(367)] Failed to connect to MCS endpoint with error -106
10월 28, 2016 13:33:23.53 [4412:3244:1028/133323:ERROR:get_updates_processor.cc(244)] PostClientToServerMessage() failed during GetUpdates
10월 28, 2016 13:33:23.58 [4412:3244:1028/133323:ERROR:get_updates_processor.cc(244)] PostClientToServerMessage() failed during GetUpdates
10월 28, 2016 13:33:23.59 [4412:2404:1028/133323:ERROR:gcm_channel_status_request.cc(89)] GCM channel request failed.
10월 28, 2016 14:36:01.94 [1028/143601:ERROR:main_dll_loader_win.cc(196)] Could not find exported function RelaunchChromeBrowserWithNewCommandLineIfNeeded

10월 29, 2016 10:22:41.11 NEW SESSION
10월 29, 2016 10:22:41.11 [1029/102241:ERROR:main_dll_loader_win.cc(196)] Could not find exported function RelaunchChromeBrowserWithNewCommandLineIfNeeded
10월 29, 2016 10:42:34.24 Vector smash protection is enabled.
10월 29, 2016 10:44:13.59 [WARNING:..\..\..\..\flash\platform\pepper\pep_module.cpp(63)] SANDBOXED
10월 29, 2016 10:44:13.59 [1029/104413:ERROR:main_dll_loader_win.cc(196)] Could not find exported function RelaunchChromeBrowserWithNewCommandLineIfNeeded
10월 29, 2016 10:54:23.59 Vector smash protection is enabled.
10월 29, 2016 10:55:01.19 [WARNING:..\..\..\..\flash\platform\pepper\pep_module.cpp(63)] SANDBOXED
10월 29, 2016 10:55:01.20 [1029/105501:ERROR:main_dll_loader_win.cc(196)] Could not find exported function RelaunchChromeBrowserWithNewCommandLineIfNeeded
10월 29, 2016 11:02:19.72 [5800:2704:1029/110219:ERROR:mf_helpers.cc(12)] Error in dxva_video_decode_accelerator_win.cc on line 345
10월 29, 2016 11:07:58.33 [5800:2704:1029/110758:ERROR:mf_helpers.cc(12)] Error in dxva_video_decode_accelerator_win.cc on line 345
10월 29, 2016 11:33:57.18 Vector smash protection is enabled.
10월 29, 2016 13:30:57.92 [1029/133057:ERROR:main_dll_loader_win.cc(196)] Could not find exported function RelaunchChromeBrowserWithNewCommandLineIfNeeded
10월 29, 2016 13:53:39.52 [6496:5200:1029/135339:ERROR:get_updates_processor.cc(244)] PostClientToServerMessage() failed during GetUpdates
10월 29, 2016 13:53:39.76 [6496:4652:1029/135339:ERROR:gcm_channel_status_request.cc(89)] GCM channel request failed.
10월 29, 2016 13:53:39.89 [6496:5200:1029/135339:ERROR:get_updates_processor.cc(244)] PostClientToServerMessage() failed during GetUpdates
10월 29, 2016 13:53:40.99 [6496:5200:1029/135340:ERROR:get_updates_processor.cc(244)] PostClientToServerMessage() failed during GetUpdates
10월 29, 2016 13:53:43.62 [6496:3588:1029/135343:ERROR:connection_factory_impl.cc(367)] Failed to connect to MCS endpoint with error -21
10월 29, 2016 14:35:53.42 [6496:3588:1029/143553:ERROR:connection_factory_impl.cc(367)] Failed to connect to MCS endpoint with error -106
10월 29, 2016 15:06:55.81 [6496:4652:1029/150655:ERROR:gcm_channel_status_request.cc(89)] GCM channel request failed.
10월 29, 2016 15:06:56.66 [6496:3588:1029/150656:ERROR:connection_factory_impl.cc(367)] Failed to connect to MCS endpoint with error -105
10월 29, 2016 15:06:59.61 [6496:3588:1029/150659:ERROR:connection_factory_impl.cc(367)] Failed to connect to MCS endpoint with error -21
10월 29, 2016 16:09:14.60 [6496:3588:1029/160914:ERROR:connection_factory_impl.cc(367)] Failed to connect to MCS endpoint with error -105
10월 29, 2016 16:09:16.11 [6496:3588:1029/160916:ERROR:connection_factory_impl.cc(367)] Failed to connect to MCS endpoint with error -106
10월 29, 2016 16:33:06.54 [6496:4652:1029/163306:ERROR:gcm_channel_status_request.cc(89)] GCM channel request failed.
10월 29, 2016 16:33:06.75 [6496:3588:1029/163306:ERROR:connection_factory_impl.cc(367)] Failed to connect to MCS endpoint with error -21
10월 29, 2016 16:55:53.46 [6496:3588:1029/165553:ERROR:connection_factory_impl.cc(367)] Failed to connect to MCS endpoint with error -106
10월 29, 2016 16:56:00.63 [6496:5200:1029/165600:ERROR:get_updates_processor.cc(244)] PostClientToServerMessage() failed during GetUpdates
10월 29, 2016 16:56:00.65 [6496:5200:1029/165600:ERROR:get_updates_processor.cc(244)] PostClientToServerMessage() failed during GetUpdates
10월 29, 2016 16:56:02.13 [6496:5200:1029/165602:ERROR:get_updates_processor.cc(244)] PostClientToServerMessage() failed during GetUpdates
10월 29, 2016 17:35:44.36 [6496:3588:1029/173544:ERROR:connection_factory_impl.cc(367)] Failed to connect to MCS endpoint with error -105
10월 29, 2016 18:36:30.54 [1029/183630:ERROR:main_dll_loader_win.cc(196)] Could not find exported function RelaunchChromeBrowserWithNewCommandLineIfNeeded
10월 29, 2016 18:36:53.58 [1029/183653:ERROR:main_dll_loader_win.cc(196)] Could not find exported function RelaunchChromeBrowserWithNewCommandLineIfNeeded
10월 29, 2016 18:40:57.19 [1029/184057:ERROR:main_dll_loader_win.cc(196)] Could not find exported function RelaunchChromeBrowserWithNewCommandLineIfNeeded
10월 29, 2016 19:41:30.37 [6496:3588:1029/194130:ERROR:connection_factory_impl.cc(367)] Failed to connect to MCS endpoint with error -106
10월 29, 2016 19:42:31.34 [1029/194231:ERROR:main_dll_loader_win.cc(196)] Could not find exported function RelaunchChromeBrowserWithNewCommandLineIfNeeded
10월 29, 2016 19:42:31.42 [1029/194231:ERROR:main_dll_loader_win.cc(196)] Could not find exported function RelaunchChromeBrowserWithNewCommandLineIfNeeded

11월 01, 2016 09:35:50.30 NEW SESSION
11월 01, 2016 09:35:50.30 [1101/093550:ERROR:main_dll_loader_win.cc(196)] Could not find exported function RelaunchChromeBrowserWithNewCommandLineIfNeeded
11월 01, 2016 10:38:12.40 [604:6296:1101/103812:ERROR:mf_helpers.cc(12)] Error in dxva_video_decode_accelerator_win.cc on line 345
11월 01, 2016 11:20:48.37 [6688:5608:1101/112048:ERROR:connection_factory_impl.cc(367)] Failed to connect to MCS endpoint with error -106
11월 01, 2016 11:53:16.64 [6688:5608:1101/115316:ERROR:connection_factory_impl.cc(367)] Failed to connect to MCS endpoint with error -21
11월 01, 2016 11:53:19.55 [6688:5608:1101/115319:ERROR:connection_factory_impl.cc(367)] Failed to connect to MCS endpoint with error -21
11월 01, 2016 12:25:58.54 [6688:5608:1101/122558:ERROR:connection_factory_impl.cc(367)] Failed to connect to MCS endpoint with error -105
11월 01, 2016 12:26:01.54 [6688:5608:1101/122601:ERROR:connection_factory_impl.cc(367)] Failed to connect to MCS endpoint with error -21
11월 01, 2016 13:38:50.53 [6688:3880:1101/133850:ERROR:gcm_channel_status_request.cc(89)] GCM channel request failed.
11월 01, 2016 13:38:50.54 [6688:3492:1101/133850:ERROR:get_updates_processor.cc(244)] PostClientToServerMessage() failed during GetUpdates
11월 01, 2016 13:38:50.93 [6688:3492:1101/133850:ERROR:get_updates_processor.cc(244)] PostClientToServerMessage() failed during GetUpdates
11월 01, 2016 13:38:51.62 [6688:5608:1101/133851:ERROR:connection_factory_impl.cc(367)] Failed to connect to MCS endpoint with error -105
11월 01, 2016 13:38:52.17 [6688:3492:1101/133852:ERROR:get_updates_processor.cc(244)] PostClientToServerMessage() failed during GetUpdates
11월 01, 2016 13:38:54.55 [6688:5608:1101/133854:ERROR:connection_factory_impl.cc(367)] Failed to connect to MCS endpoint with error -21
11월 01, 2016 13:38:55.34 [6688:3492:1101/133855:ERROR:get_updates_processor.cc(244)] PostClientToServerMessage() failed during GetUpdates
11월 01, 2016 13:38:59.81 [1101/133859:ERROR:main_dll_loader_win.cc(196)] Could not find exported function RelaunchChromeBrowserWithNewCommandLineIfNeeded
11월 01, 2016 13:46:06.32 [6688:3492:1101/134606:ERROR:get_updates_processor.cc(244)] PostClientToServerMessage() failed during GetUpdates
11월 01, 2016 13:46:06.52 [6688:3492:1101/134606:ERROR:get_updates_processor.cc(244)] PostClientToServerMessage() failed during GetUpdates
11월 01, 2016 13:46:06.80 [6688:3492:1101/134606:ERROR:get_updates_processor.cc(244)] PostClientToServerMessage() failed during GetUpdates
11월 01, 2016 13:46:07.81 [6688:3492:1101/134607:ERROR:get_updates_processor.cc(244)] PostClientToServerMessage() failed during GetUpdates
11월 01, 2016 13:46:08.11 [6688:5608:1101/134608:ERROR:connection_factory_impl.cc(367)] Failed to connect to MCS endpoint with error -106
11월 01, 2016 13:46:16.25 [6688:3492:1101/134616:ERROR:get_updates_processor.cc(244)] PostClientToServerMessage() failed during GetUpdates
11월 01, 2016 14:01:33.44 [6688:5608:1101/140133:ERROR:connection_factory_impl.cc(367)] Failed to connect to MCS endpoint with error -106
11월 01, 2016 14:46:03.17 Vector smash protection is enabled.
11월 01, 2016 15:00:42.71 [WARNING:..\..\..\..\flash\platform\pepper\pep_module.cpp(63)] SANDBOXED
11월 01, 2016 15:00:42.71 [1101/150042:ERROR:main_dll_loader_win.cc(196)] Could not find exported function RelaunchChromeBrowserWithNewCommandLineIfNeeded
11월 01, 2016 15:01:15.60 Vector smash protection is enabled.
11월 01, 2016 15:08:53.92 [6688:5608:1101/150853:ERROR:ssl_client_socket_impl.cc(1168)] handshake failed; returned -1, SSL error code 1, net_error -103
11월 01, 2016 15:09:36.85 [6688:5608:1101/150936:ERROR:ssl_client_socket_impl.cc(1168)] handshake failed; returned -1, SSL error code 1, net_error -101
11월 01, 2016 15:09:50.11 [6688:5608:1101/150950:ERROR:ssl_client_socket_impl.cc(1168)] handshake failed; returned -1, SSL error code 1, net_error -103
11월 01, 2016 15:10:12.11 [6688:5608:1101/151012:ERROR:ssl_client_socket_impl.cc(1168)] handshake failed; returned -1, SSL error code 1, net_error -103
11월 01, 2016 15:10:31.32 [6688:5608:1101/151031:ERROR:ssl_client_socket_impl.cc(1168)] handshake failed; returned -1, SSL error code 1, net_error -103
11월 01, 2016 15:10:31.50 [6688:5608:1101/151031:ERROR:ssl_client_socket_impl.cc(1168)] handshake failed; returned -1, SSL error code 1, net_error -103
11월 01, 2016 15:10:36.88 [6688:5608:1101/151036:ERROR:ssl_client_socket_impl.cc(1168)] handshake failed; returned -1, SSL error code 1, net_error -103
11월 01, 2016 15:10:39.05 [6688:5608:1101/151039:ERROR:ssl_client_socket_impl.cc(1168)] handshake failed; returned -1, SSL error code 1, net_error -101
11월 01, 2016 15:10:39.07 [6688:5608:1101/151039:ERROR:ssl_client_socket_impl.cc(1168)] handshake failed; returned -1, SSL error code 1, net_error -103
11월 01, 2016 15:10:40.96 [6688:5608:1101/151040:ERROR:ssl_client_socket_impl.cc(1168)] handshake failed; returned -1, SSL error code 1, net_error -103
11월 01, 2016 15:10:54.02 [6688:5608:1101/151054:ERROR:ssl_client_socket_impl.cc(1168)] handshake failed; returned -1, SSL error code 1, net_error -103
11월 01, 2016 15:11:00.95 [6688:5608:1101/151100:ERROR:ssl_client_socket_impl.cc(1168)] handshake failed; returned -1, SSL error code 1, net_error -103
11월 01, 2016 15:11:02.07 [6688:5608:1101/151102:ERROR:ssl_client_socket_impl.cc(1168)] handshake failed; returned -1, SSL error code 1, net_error -103
11월 01, 2016 15:11:39.99 [6688:5608:1101/151139:ERROR:ssl_client_socket_impl.cc(1168)] handshake failed; returned -1, SSL error code 1, net_error -103
11월 01, 2016 15:12:28.03 [6688:5608:1101/151228:ERROR:ssl_client_socket_impl.cc(1168)] handshake failed; returned -1, SSL error code 1, net_error -103
11월 01, 2016 15:12:45.80 [6688:5608:1101/151245:ERROR:ssl_client_socket_impl.cc(1168)] handshake failed; returned -1, SSL error code 1, net_error -103
11월 01, 2016 15:12:46.01 [6688:5608:1101/151246:ERROR:ssl_client_socket_impl.cc(1168)] handshake failed; returned -1, SSL error code 1, net_error -103
11월 01, 2016 15:12:54.05 [6688:5608:1101/151254:ERROR:ssl_client_socket_impl.cc(1168)] handshake failed; returned -1, SSL error code 1, net_error -103
11월 01, 2016 15:13:27.33 [6688:5608:1101/151327:ERROR:ssl_client_socket_impl.cc(1168)] handshake failed; returned -1, SSL error code 1, net_error -103
11월 01, 2016 15:15:07.60 [6688:5608:1101/151507:ERROR:ssl_client_socket_impl.cc(1168)] handshake failed; returned -1, SSL error code 1, net_error -103
11월 01, 2016 15:16:03.74 [6688:5608:1101/151603:ERROR:ssl_client_socket_impl.cc(1168)] handshake failed; returned -1, SSL error code 1, net_error -103
11월 01, 2016 15:16:29.55 [6688:5608:1101/151629:ERROR:ssl_client_socket_impl.cc(1168)] handshake failed; returned -1, SSL error code 1, net_error -103
11월 01, 2016 15:16:29.56 [6688:5608:1101/151629:ERROR:ssl_client_socket_impl.cc(1168)] handshake failed; returned -1, SSL error code 1, net_error -103
11월 01, 2016 16:55:10.36 [6688:3880:1101/165507:ERROR:gcm_channel_status_request.cc(89)] GCM channel request failed.
11월 01, 2016 16:55:11.60 [6688:5608:1101/165511:ERROR:connection_factory_impl.cc(367)] Failed to connect to MCS endpoint with error -21
11월 01, 2016 18:26:39.57 [6688:3880:1101/182639:ERROR:gcm_channel_status_request.cc(89)] GCM channel request failed.
11월 01, 2016 18:26:39.57 [6688:3492:1101/182639:ERROR:get_updates_processor.cc(244)] PostClientToServerMessage() failed during GetUpdates
11월 01, 2016 18:26:39.97 [6688:3492:1101/182639:ERROR:get_updates_processor.cc(244)] PostClientToServerMessage() failed during GetUpdates
11월 01, 2016 18:26:40.64 [6688:5608:1101/182640:ERROR:connection_factory_impl.cc(367)] Failed to connect to MCS endpoint with error -105
11월 01, 2016 18:26:41.04 [6688:3492:1101/182641:ERROR:get_updates_processor.cc(244)] PostClientToServerMessage() failed during GetUpdates
11월 01, 2016 18:26:41.48 [6688:5608:1101/182641:ERROR:connection_factory_impl.cc(367)] Failed to connect to MCS endpoint with error -106
11월 01, 2016 18:28:01.48 [1101/182801:ERROR:main_dll_loader_win.cc(196)] Could not find exported function RelaunchChromeBrowserWithNewCommandLineIfNeeded
11월 01, 2016 19:18:15.63 [6688:5608:1101/191815:ERROR:connection_factory_impl.cc(367)] Failed to connect to MCS endpoint with error -105
11월 01, 2016 19:18:18.55 [6688:5608:1101/191818:ERROR:connection_factory_impl.cc(367)] Failed to connect to MCS endpoint with error -21
11월 01, 2016 20:38:22.64 [6688:5608:1101/203822:ERROR:connection_factory_impl.cc(367)] Failed to connect to MCS endpoint with error -105
11월 01, 2016 20:38:23.54 [6688:5608:1101/203823:ERROR:connection_factory_impl.cc(367)] Failed to connect to MCS endpoint with error -106
11월 01, 2016 20:40:29.51 [6688:5608:1101/204029:ERROR:connection_factory_impl.cc(367)] Failed to connect to MCS endpoint with error -106
11월 01, 2016 21:01:54.55 [6688:5608:1101/210154:ERROR:connection_factory_impl.cc(367)] Failed to connect to MCS endpoint with error -21

11월 02, 2016 22:16:29.90 NEW SESSION
11월 02, 2016 22:16:29.90 [5804:4676:1102/221629:ERROR:connection_factory_impl.cc(367)] Failed to connect to MCS endpoint with error -106
11월 02, 2016 22:16:59.70 [5804:4676:1102/221659:ERROR:connection_factory_impl.cc(367)] Failed to connect to MCS endpoint with error -106
11월 02, 2016 22:17:03.12 [5804:5396:1102/221703:ERROR:account_tracker.cc(357)] OnGetTokenFailure: Connection failed (-106).
11월 02, 2016 22:17:03.12 [5804:5396:1102/221703:ERROR:account_tracker.cc(357)] OnGetTokenFailure: Connection failed (-106).
11월 02, 2016 22:17:41.06 [5804:4676:1102/221741:ERROR:connection_factory_impl.cc(367)] Failed to connect to MCS endpoint with error -106
11월 02, 2016 22:19:05.81 [5804:4676:1102/221905:ERROR:connection_factory_impl.cc(367)] Failed to connect to MCS endpoint with error -106
11월 02, 2016 22:22:47.01 [5804:4676:1102/222247:ERROR:connection_factory_impl.cc(367)] Failed to connect to MCS endpoint with error -106
11월 02, 2016 22:41:59.34 [5804:4676:1102/224159:ERROR:connection_factory_impl.cc(367)] Failed to connect to MCS endpoint with error -21
11월 02, 2016 22:42:59.26 [5636:5756:1102/224259:ERROR:mf_helpers.cc(12)] Error in dxva_video_decode_accelerator_win.cc on line 345
11월 02, 2016 22:43:12.89 [2788:4116:1102/224312:ERROR:ffmpeg_demuxer.cc(1595)] OnReadFrameDone result=-541478725 IsMaxMemoryUsageReached=0
11월 02, 2016 22:57:33.48 [1102/225733:ERROR:main_dll_loader_win.cc(196)] Could not find exported function RelaunchChromeBrowserWithNewCommandLineIfNeeded

11월 04, 2016 20:17:07.76 NEW SESSION
11월 04, 2016 20:17:07.76 [1104/201707:ERROR:main_dll_loader_win.cc(196)] Could not find exported function RelaunchChromeBrowserWithNewCommandLineIfNeeded
11월 04, 2016 20:18:33.76 [1104/201833:ERROR:main_dll_loader_win.cc(196)] Could not find exported function RelaunchChromeBrowserWithNewCommandLineIfNeeded
11월 04, 2016 21:03:00.33 Vector smash protection is enabled.
11월 04, 2016 21:35:53.62 [6132:7616:1104/213553:ERROR:gcm_channel_status_request.cc(89)] GCM channel request failed.
11월 04, 2016 21:35:59.61 [6132:6704:1104/213559:ERROR:connection_factory_impl.cc(367)] Failed to connect to MCS endpoint with error -105
11월 04, 2016 21:42:44.58 [6132:6704:1104/214244:ERROR:connection_factory_impl.cc(367)] Failed to connect to MCS endpoint with error -105
11월 04, 2016 21:43:08.62 [6132:6704:1104/214308:ERROR:connection_factory_impl.cc(367)] Failed to connect to MCS endpoint with error -105
11월 04, 2016 21:43:48.93 [6132:6704:1104/214348:ERROR:connection_factory_impl.cc(367)] Failed to connect to MCS endpoint with error -105
11월 04, 2016 21:45:33.79 [6132:4296:1104/214533:ERROR:get_updates_processor.cc(244)] PostClientToServerMessage() failed during GetUpdates
11월 04, 2016 21:45:36.80 [6132:6704:1104/214536:ERROR:connection_factory_impl.cc(367)] Failed to connect to MCS endpoint with error -105
11월 04, 2016 21:56:40.33 [1104/215640:ERROR:main_dll_loader_win.cc(196)] Could not find exported function RelaunchChromeBrowserWithNewCommandLineIfNeeded
11월 04, 2016 21:56:40.35 [1104/215640:ERROR:main_dll_loader_win.cc(196)] Could not find exported function RelaunchChromeBrowserWithNewCommandLineIfNeeded

11월 07, 2016 09:12:28.22 NEW SESSION
11월 07, 2016 09:12:28.22 [1107/091228:ERROR:main_dll_loader_win.cc(196)] Could not find exported function RelaunchChromeBrowserWithNewCommandLineIfNeeded
11월 07, 2016 09:14:28.45 [1107/091428:ERROR:main_dll_loader_win.cc(196)] Could not find exported function RelaunchChromeBrowserWithNewCommandLineIfNeeded
11월 07, 2016 10:14:12.68 [1276:4444:1107/101412:ERROR:mf_helpers.cc(12)] Error in dxva_video_decode_accelerator_win.cc on line 345
11월 07, 2016 10:14:45.45 Vector smash protection is enabled.
11월 07, 2016 10:15:53.75 [WARNING:..\..\..\..\flash\platform\pepper\pep_module.cpp(63)] SANDBOXED
11월 07, 2016 10:15:53.76 [1107/101553:ERROR:main_dll_loader_win.cc(196)] Could not find exported function RelaunchChromeBrowserWithNewCommandLineIfNeeded
11월 07, 2016 11:13:58.97 [1320:2860:1107/111358:ERROR:connection_factory_impl.cc(367)] Failed to connect to MCS endpoint with error -21
11월 07, 2016 11:14:02.01 [1320:2860:1107/111402:ERROR:connection_factory_impl.cc(367)] Failed to connect to MCS endpoint with error -21
11월 07, 2016 11:19:12.71 Vector smash protection is enabled.
11월 07, 2016 11:39:18.66 [1320:2860:1107/113918:ERROR:connection_factory_impl.cc(367)] Failed to connect to MCS endpoint with error -106
11월 07, 2016 11:39:45.17 [1320:2860:1107/113945:ERROR:connection_factory_impl.cc(367)] Failed to connect to MCS endpoint with error -106
11월 07, 2016 11:39:54.06 [1320:2860:1107/113954:ERROR:connection_factory_impl.cc(367)] Failed to connect to MCS endpoint with error -105
11월 07, 2016 11:40:45.83 [1320:4352:1107/114045:ERROR:get_updates_processor.cc(244)] PostClientToServerMessage() failed during GetUpdates
11월 07, 2016 11:41:37.55 [1320:2860:1107/114137:ERROR:connection_factory_impl.cc(367)] Failed to connect to MCS endpoint with error -105
11월 07, 2016 11:42:01.06 [1320:4352:1107/114201:ERROR:get_updates_processor.cc(244)] PostClientToServerMessage() failed during GetUpdates
11월 07, 2016 11:43:54.30 [1320:4352:1107/114354:ERROR:get_updates_processor.cc(244)] PostClientToServerMessage() failed during GetUpdates
11월 07, 2016 11:45:15.33 [1320:2860:1107/114515:ERROR:connection_factory_impl.cc(367)] Failed to connect to MCS endpoint with error -105
11월 07, 2016 11:46:44.52 [1320:4352:1107/114644:ERROR:get_updates_processor.cc(244)] PostClientToServerMessage() failed during GetUpdates
11월 07, 2016 11:51:02.19 [1320:2860:1107/115102:ERROR:connection_factory_impl.cc(367)] Failed to connect to MCS endpoint with error -105
11월 07, 2016 11:52:22.95 [1320:4352:1107/115222:ERROR:get_updates_processor.cc(244)] PostClientToServerMessage() failed during GetUpdates
11월 07, 2016 11:52:23.95 [1320:4352:1107/115223:ERROR:get_updates_processor.cc(244)] PostClientToServerMessage() failed during GetUpdates
11월 07, 2016 11:52:24.25 [1320:2860:1107/115224:ERROR:connection_factory_impl.cc(367)] Failed to connect to MCS endpoint with error -106
11월 07, 2016 11:52:33.76 [1320:4352:1107/115233:ERROR:get_updates_processor.cc(244)] PostClientToServerMessage() failed during GetUpdates
11월 07, 2016 11:52:34.77 [1320:4352:1107/115234:ERROR:get_updates_processor.cc(244)] PostClientToServerMessage() failed during GetUpdates
11월 07, 2016 11:52:36.05 [1320:2860:1107/115236:ERROR:connection_factory_impl.cc(367)] Failed to connect to MCS endpoint with error -105
11월 07, 2016 11:53:01.78 [1320:4352:1107/115301:ERROR:get_updates_processor.cc(244)] PostClientToServerMessage() failed during GetUpdates
11월 07, 2016 11:53:02.78 [1320:4352:1107/115302:ERROR:get_updates_processor.cc(244)] PostClientToServerMessage() failed during GetUpdates
11월 07, 2016 11:53:03.06 [1320:2860:1107/115303:ERROR:connection_factory_impl.cc(367)] Failed to connect to MCS endpoint with error -106
11월 07, 2016 12:00:38.39 [1320:2860:1107/120038:ERROR:connection_factory_impl.cc(367)] Failed to connect to MCS endpoint with error -106
11월 07, 2016 12:08:40.53 [1320:2860:1107/120840:ERROR:connection_factory_impl.cc(367)] Failed to connect to MCS endpoint with error -21
11월 07, 2016 12:14:54.52 [1320:2860:1107/121454:ERROR:connection_factory_impl.cc(367)] Failed to connect to MCS endpoint with error -21
11월 07, 2016 14:04:31.07 [1320:2860:1107/140431:ERROR:ssl_client_socket_impl.cc(1168)] handshake failed; returned -1, SSL error code 1, net_error -100
11월 07, 2016 14:31:04.58 [1107/143104:ERROR:main_dll_loader_win.cc(196)] Could not find exported function RelaunchChromeBrowserWithNewCommandLineIfNeeded
11월 07, 2016 14:40:54.00 [1320:2860:1107/144054:ERROR:socket_stream.cc(210)] Closing stream with result -100
11월 07, 2016 17:46:54.56 [1320:2860:1107/174654:ERROR:connection_factory_impl.cc(367)] Failed to connect to MCS endpoint with error -106
11월 07, 2016 19:34:47.58 [1107/193447:ERROR:main_dll_loader_win.cc(196)] Could not find exported function RelaunchChromeBrowserWithNewCommandLineIfNeeded

11월 08, 2016 16:57:28.63 NEW SESSION
11월 08, 2016 16:57:28.63 [6340:6472:1108/165728:ERROR:backend_impl.cc(1033)] Critical error found -8
11월 08, 2016 16:57:28.65 [6340:6472:1108/165728:ERROR:entry_impl.cc(1035)] No file for c0030002
11월 08, 2016 16:57:29.45 [6340:6472:1108/165729:ERROR:backend_impl.cc(1033)] Critical error found -8
11월 08, 2016 16:57:30.00 [1108/165730:ERROR:main_dll_loader_win.cc(196)] Could not find exported function RelaunchChromeBrowserWithNewCommandLineIfNeeded
11월 08, 2016 17:11:54.52 [6340:6480:1108/171154:ERROR:connection_factory_impl.cc(367)] Failed to connect to MCS endpoint with error -21
11월 08, 2016 17:46:13.50 Vector smash protection is enabled.
11월 08, 2016 17:46:53.40 [WARNING:..\..\..\..\flash\platform\pepper\pep_module.cpp(63)] SANDBOXED
11월 08, 2016 17:46:53.40 [1108/174653:ERROR:main_dll_loader_win.cc(196)] Could not find exported function RelaunchChromeBrowserWithNewCommandLineIfNeeded
11월 08, 2016 18:07:47.98 Vector smash protection is enabled.
11월 08, 2016 18:09:24.70 [WARNING:..\..\..\..\flash\platform\pepper\pep_module.cpp(63)] SANDBOXED
11월 08, 2016 18:09:24.70 [1108/180924:ERROR:main_dll_loader_win.cc(196)] Could not find exported function RelaunchChromeBrowserWithNewCommandLineIfNeeded
11월 08, 2016 18:22:34.51 [6340:6348:1108/182234:ERROR:gcm_channel_status_request.cc(89)] GCM channel request failed.
11월 08, 2016 18:22:39.02 [6340:6480:1108/182239:ERROR:connection_factory_impl.cc(367)] Failed to connect to MCS endpoint with error -21
11월 08, 2016 18:40:08.21 [6340:6480:1108/184008:ERROR:connection_factory_impl.cc(367)] Failed to connect to MCS endpoint with error -106
11월 08, 2016 18:47:03.51 [6340:6480:1108/184703:ERROR:checkin_request.cc(179)] Failed to get checkin response. Fetcher failed. Retrying.
11월 08, 2016 18:47:07.99 [6340:6480:1108/184707:ERROR:connection_factory_impl.cc(367)] Failed to connect to MCS endpoint with error -21
11월 08, 2016 18:47:07.99 [6340:6924:1108/184707:ERROR:get_updates_processor.cc(244)] PostClientToServerMessage() failed during GetUpdates
11월 08, 2016 18:47:12.01 [6340:6480:1108/184712:ERROR:connection_factory_impl.cc(367)] Failed to connect to MCS endpoint with error -21
11월 08, 2016 18:47:12.01 [6340:6924:1108/184712:ERROR:get_updates_processor.cc(244)] PostClientToServerMessage() failed during GetUpdates
11월 08, 2016 18:51:35.63 Vector smash protection is enabled.
11월 08, 2016 18:56:38.48 [WARNING:..\..\..\..\flash\platform\pepper\pep_module.cpp(63)] SANDBOXED
11월 08, 2016 18:56:38.49 [1108/185638:ERROR:main_dll_loader_win.cc(196)] Could not find exported function RelaunchChromeBrowserWithNewCommandLineIfNeeded
11월 08, 2016 19:13:16.70 Vector smash protection is enabled.
11월 08, 2016 19:35:09.39 [1108/193509:ERROR:main_dll_loader_win.cc(196)] Could not find exported function RelaunchChromeBrowserWithNewCommandLineIfNeeded
11월 08, 2016 19:46:36.66 [6340:6480:1108/194636:ERROR:connection_factory_impl.cc(367)] Failed to connect to MCS endpoint with error -105
11월 08, 2016 19:46:37.39 [6340:6480:1108/194637:ERROR:connection_factory_impl.cc(367)] Failed to connect to MCS endpoint with error -106
11월 08, 2016 20:25:31.49 [6340:6472:1108/202531:ERROR:simple_index_file.cc(274)] Failed to write the temporary index file

11월 09, 2016 08:32:22.82 NEW SESSION
11월 09, 2016 08:32:22.82 [5580:4136:1109/083222:ERROR:connection_factory_impl.cc(367)] Failed to connect to MCS endpoint with error -106
11월 09, 2016 08:32:43.35 [5580:4136:1109/083243:ERROR:connection_factory_impl.cc(367)] Failed to connect to MCS endpoint with error -106
11월 09, 2016 08:32:55.94 [5580:5224:1109/083255:ERROR:account_tracker.cc(357)] OnGetTokenFailure: Connection failed (-106).
11월 09, 2016 08:32:55.94 [5580:5224:1109/083255:ERROR:account_tracker.cc(357)] OnGetTokenFailure: Connection failed (-106).
11월 09, 2016 08:33:33.80 [5580:4136:1109/083333:ERROR:connection_factory_impl.cc(367)] Failed to connect to MCS endpoint with error -106
11월 09, 2016 08:34:56.69 [5580:4136:1109/083456:ERROR:connection_factory_impl.cc(367)] Failed to connect to MCS endpoint with error -106
11월 09, 2016 08:37:50.21 [5580:4136:1109/083750:ERROR:connection_factory_impl.cc(367)] Failed to connect to MCS endpoint with error -106
11월 09, 2016 08:42:23.67 [5580:5224:1109/084223:ERROR:gcm_channel_status_request.cc(89)] GCM channel request failed.
11월 09, 2016 08:42:50.92 [5580:5224:1109/084250:ERROR:gcm_channel_status_request.cc(89)] GCM channel request failed.
11월 09, 2016 08:43:38.92 [5580:5224:1109/084338:ERROR:gcm_channel_status_request.cc(89)] GCM channel request failed.
11월 09, 2016 08:43:40.83 [5580:4136:1109/084340:ERROR:connection_factory_impl.cc(367)] Failed to connect to MCS endpoint with error -106
11월 09, 2016 08:45:17.54 [5580:5224:1109/084517:ERROR:gcm_channel_status_request.cc(89)] GCM channel request failed.
11월 09, 2016 08:48:20.29 [5580:5224:1109/084820:ERROR:gcm_channel_status_request.cc(89)] GCM channel request failed.
11월 09, 2016 09:19:03.45 [5580:4136:1109/091903:ERROR:connection_factory_impl.cc(367)] Failed to connect to MCS endpoint with error -106
11월 09, 2016 09:19:32.71 [5580:4136:1109/091932:ERROR:connection_factory_impl.cc(367)] Failed to connect to MCS endpoint with error -106
11월 09, 2016 09:36:22.51 [5580:4136:1109/093622:ERROR:connection_factory_impl.cc(367)] Failed to connect to MCS endpoint with error -106
11월 09, 2016 09:53:21.24 Vector smash protection is enabled.
11월 09, 2016 10:28:44.12 [5580:6080:1109/102844:ERROR:get_updates_processor.cc(244)] PostClientToServerMessage() failed during GetUpdates
11월 09, 2016 10:28:45.11 [5580:6080:1109/102845:ERROR:get_updates_processor.cc(244)] PostClientToServerMessage() failed during GetUpdates
11월 09, 2016 10:28:45.62 [5580:4136:1109/102845:ERROR:connection_factory_impl.cc(367)] Failed to connect to MCS endpoint with error -106
11월 09, 2016 10:28:54.15 [5580:6080:1109/102854:ERROR:get_updates_processor.cc(244)] PostClientToServerMessage() failed during GetUpdates
11월 09, 2016 10:29:51.76 [5580:4136:1109/102951:ERROR:connection_factory_impl.cc(367)] Failed to connect to MCS endpoint with error -106
11월 09, 2016 10:30:01.08 [5580:6080:1109/103001:ERROR:get_updates_processor.cc(244)] PostClientToServerMessage() failed during GetUpdates
11월 09, 2016 10:30:18.26 [5580:4136:1109/103018:ERROR:connection_factory_impl.cc(367)] Failed to connect to MCS endpoint with error -106
11월 09, 2016 10:30:20.30 [5580:6080:1109/103020:ERROR:get_updates_processor.cc(244)] PostClientToServerMessage() failed during GetUpdates
11월 09, 2016 10:30:32.62 [5580:6080:1109/103032:ERROR:get_updates_processor.cc(244)] PostClientToServerMessage() failed during GetUpdates
11월 09, 2016 11:17:47.06 [WARNING:..\..\..\..\flash\platform\pepper\pep_module.cpp(63)] SANDBOXED
11월 09, 2016 11:17:47.07 [1109/111747:ERROR:main_dll_loader_win.cc(196)] Could not find exported function RelaunchChromeBrowserWithNewCommandLineIfNeeded
11월 09, 2016 11:32:12.10 [5580:4136:1109/113212:ERROR:connection_factory_impl.cc(367)] Failed to connect to MCS endpoint with error -21
11월 09, 2016 11:37:34.09 [5580:4136:1109/113734:ERROR:connection_factory_impl.cc(367)] Failed to connect to MCS endpoint with error -21
11월 09, 2016 12:17:15.73 Vector smash protection is enabled.
11월 09, 2016 12:18:15.09 [WARNING:..\..\..\..\flash\platform\pepper\pep_module.cpp(63)] SANDBOXED
11월 09, 2016 12:18:15.10 [1109/121815:ERROR:main_dll_loader_win.cc(196)] Could not find exported function RelaunchChromeBrowserWithNewCommandLineIfNeeded
11월 09, 2016 12:31:41.59 [5580:4136:1109/123141:ERROR:connection_factory_impl.cc(367)] Failed to connect to MCS endpoint with error -21
11월 09, 2016 12:39:08.61 Vector smash protection is enabled.
11월 09, 2016 13:06:38.57 [5580:4136:1109/130638:ERROR:connection_factory_impl.cc(367)] Failed to connect to MCS endpoint with error -105
11월 09, 2016 13:06:39.37 [5580:4136:1109/130639:ERROR:connection_factory_impl.cc(367)] Failed to connect to MCS endpoint with error -106
11월 09, 2016 13:35:41.35 [5580:4136:1109/133541:ERROR:connection_factory_impl.cc(367)] Failed to connect to MCS endpoint with error -106
11월 09, 2016 13:58:17.30 [1109/135817:ERROR:main_dll_loader_win.cc(196)] Could not find exported function RelaunchChromeBrowserWithNewCommandLineIfNeeded
11월 09, 2016 13:58:40.12 [1109/135840:ERROR:main_dll_loader_win.cc(196)] Could not find exported function RelaunchChromeBrowserWithNewCommandLineIfNeeded
11월 09, 2016 14:16:45.42 [5580:4136:1109/141645:ERROR:connection_factory_impl.cc(367)] Failed to connect to MCS endpoint with error -106
11월 09, 2016 14:17:06.60 [5580:4136:1109/141706:ERROR:connection_factory_impl.cc(367)] Failed to connect to MCS endpoint with error -106
11월 09, 2016 14:17:25.80 [5580:6080:1109/141725:ERROR:get_updates_processor.cc(244)] PostClientToServerMessage() failed during GetUpdates
11월 09, 2016 14:18:40.44 [5580:4136:1109/141840:ERROR:ssl_client_socket_impl.cc(1168)] handshake failed; returned -1, SSL error code 1, net_error -103
11월 09, 2016 14:18:56.33 [5580:4136:1109/141856:ERROR:ssl_client_socket_impl.cc(1168)] handshake failed; returned -1, SSL error code 1, net_error -103
11월 09, 2016 14:37:54.38 [5580:4136:1109/143754:ERROR:connection_factory_impl.cc(367)] Failed to connect to MCS endpoint with error -106
11월 09, 2016 14:53:21.38 [5580:4136:1109/145321:ERROR:connection_factory_impl.cc(367)] Failed to connect to MCS endpoint with error -106
11월 09, 2016 14:53:45.19 [5580:4136:1109/145345:ERROR:connection_factory_impl.cc(367)] Failed to connect to MCS endpoint with error -106
11월 09, 2016 14:54:40.77 [5580:4136:1109/145440:ERROR:connection_factory_impl.cc(367)] Failed to connect to MCS endpoint with error -106
11월 09, 2016 14:56:31.51 [5580:4136:1109/145631:ERROR:connection_factory_impl.cc(367)] Failed to connect to MCS endpoint with error -106
11월 09, 2016 15:56:35.57 [5580:4136:1109/155635:ERROR:connection_factory_impl.cc(367)] Failed to connect to MCS endpoint with error -105
11월 09, 2016 15:56:39.09 [5580:4136:1109/155639:ERROR:connection_factory_impl.cc(367)] Failed to connect to MCS endpoint with error -21
11월 09, 2016 17:53:53.50 [5580:5224:1109/175353:ERROR:gcm_channel_status_request.cc(89)] GCM channel request failed.
11월 09, 2016 17:53:54.57 [5580:4136:1109/175354:ERROR:connection_factory_impl.cc(367)] Failed to connect to MCS endpoint with error -105
11월 09, 2016 17:53:55.38 [5580:4136:1109/175355:ERROR:connection_factory_impl.cc(367)] Failed to connect to MCS endpoint with error -106
11월 09, 2016 18:44:10.60 [5580:4136:1109/184410:ERROR:connection_factory_impl.cc(367)] Failed to connect to MCS endpoint with error -105
11월 09, 2016 18:44:13.58 [5580:4136:1109/184413:ERROR:connection_factory_impl.cc(367)] Failed to connect to MCS endpoint with error -21
11월 09, 2016 18:44:17.74 [1109/184417:ERROR:main_dll_loader_win.cc(196)] Could not find exported function RelaunchChromeBrowserWithNewCommandLineIfNeeded
11월 09, 2016 19:01:42.58 Vector smash protection is enabled.
11월 09, 2016 19:02:12.69 [WARNING:..\..\..\..\flash\platform\pepper\pep_module.cpp(63)] SANDBOXED
11월 09, 2016 19:02:12.69 [1109/190212:ERROR:main_dll_loader_win.cc(196)] Could not find exported function RelaunchChromeBrowserWithNewCommandLineIfNeeded
11월 09, 2016 19:48:21.05 [5580:4136:1109/194821:ERROR:connection_factory_impl.cc(367)] Failed to connect to MCS endpoint with error -106
11월 09, 2016 21:10:28.08 [5580:4136:1109/211028:ERROR:connection_factory_impl.cc(367)] Failed to connect to MCS endpoint with error -21
11월 09, 2016 21:30:27.58 [5580:4136:1109/213027:ERROR:connection_factory_impl.cc(367)] Failed to connect to MCS endpoint with error -21
11월 09, 2016 22:32:03.65 [5580:4136:1109/223203:ERROR:connection_factory_impl.cc(367)] Failed to connect to MCS endpoint with error -105
11월 09, 2016 22:32:04.51 [5580:4136:1109/223204:ERROR:connection_factory_impl.cc(367)] Failed to connect to MCS endpoint with error -106
11월 09, 2016 22:33:04.30 [5580:4136:1109/223304:ERROR:connection_factory_impl.cc(367)] Failed to connect to MCS endpoint with error -106
11월 09, 2016 22:34:35.04 [5580:4136:1109/223435:ERROR:connection_factory_impl.cc(367)] Failed to connect to MCS endpoint with error -106
11월 09, 2016 22:36:26.86 [5580:5224:1109/223626:ERROR:gcm_channel_status_request.cc(89)] GCM channel request failed.
11월 09, 2016 22:36:53.18 [5580:5224:1109/223653:ERROR:gcm_channel_status_request.cc(89)] GCM channel request failed.
11월 09, 2016 22:37:47.39 [5580:5224:1109/223747:ERROR:gcm_channel_status_request.cc(89)] GCM channel request failed.
11월 09, 2016 22:37:50.26 [5580:4136:1109/223750:ERROR:connection_factory_impl.cc(367)] Failed to connect to MCS endpoint with error -106
11월 09, 2016 22:39:38.33 [5580:5224:1109/223938:ERROR:gcm_channel_status_request.cc(89)] GCM channel request failed.
11월 09, 2016 22:42:51.70 [5580:5224:1109/224251:ERROR:gcm_channel_status_request.cc(89)] GCM channel request failed.
11월 09, 2016 22:44:30.34 [5580:4136:1109/224430:ERROR:connection_factory_impl.cc(367)] Failed to connect to MCS endpoint with error -106
11월 09, 2016 22:49:26.37 [5580:5224:1109/224926:ERROR:gcm_channel_status_request.cc(89)] GCM channel request failed.
11월 10, 2016 01:01:55.50 [5580:5224:1110/010155:ERROR:gcm_channel_status_request.cc(89)] GCM channel request failed.
11월 10, 2016 01:01:58.16 [5580:6080:1110/010155:ERROR:get_updates_processor.cc(244)] PostClientToServerMessage() failed during GetUpdates
11월 10, 2016 01:01:58.16 [5580:4136:1110/010155:ERROR:connection_factory_impl.cc(367)] Failed to connect to MCS endpoint with error -21
11월 10, 2016 01:01:58.16 [5580:6080:1110/010155:ERROR:get_updates_processor.cc(244)] PostClientToServerMessage() failed during GetUpdates
11월 10, 2016 01:01:58.16 [5580:6080:1110/010157:ERROR:get_updates_processor.cc(244)] PostClientToServerMessage() failed during GetUpdates
11월 10, 2016 01:01:59.36 [5580:4136:1110/010159:ERROR:connection_factory_impl.cc(367)] Failed to connect to MCS endpoint with error -105
11월 10, 2016 01:02:01.66 [1110/010201:ERROR:main_dll_loader_win.cc(196)] Could not find exported function RelaunchChromeBrowserWithNewCommandLineIfNeeded
11월 10, 2016 02:00:22.51 [5580:4136:1110/020022:ERROR:connection_factory_impl.cc(367)] Failed to connect to MCS endpoint with error -106
11월 10, 2016 06:09:06.57 [5580:4136:1110/060906:ERROR:socket_stream.cc(210)] Closing stream with result -103
11월 10, 2016 06:09:06.64 [5580:6080:1110/060906:ERROR:get_updates_processor.cc(244)] PostClientToServerMessage() failed during GetUpdates
11월 10, 2016 06:09:06.78 [5580:4136:1110/060906:ERROR:connection_factory_impl.cc(367)] Failed to connect to MCS endpoint with error -21
11월 10, 2016 06:09:06.87 [5580:6080:1110/060906:ERROR:get_updates_processor.cc(244)] PostClientToServerMessage() failed during GetUpdates
11월 10, 2016 06:09:06.92 [5580:5224:1110/060906:ERROR:gcm_channel_status_request.cc(89)] GCM channel request failed.
11월 10, 2016 06:09:08.02 [5580:6080:1110/060908:ERROR:get_updates_processor.cc(244)] PostClientToServerMessage() failed during GetUpdates
11월 10, 2016 06:09:08.43 [5580:4136:1110/060908:ERROR:connection_factory_impl.cc(367)] Failed to connect to MCS endpoint with error -106
11월 10, 2016 06:09:13.57 [5580:4136:1110/060913:ERROR:connection_factory_impl.cc(367)] Failed to connect to MCS endpoint with error -21
11월 10, 2016 06:09:13.65 [1110/060913:ERROR:main_dll_loader_win.cc(196)] Could not find exported function RelaunchChromeBrowserWithNewCommandLineIfNeeded

11월 10, 2016 07:46:03.26 NEW SESSION
11월 10, 2016 07:46:03.26 [1688:1312:1110/074603:ERROR:backend_impl.cc(1033)] Critical error found -8
11월 10, 2016 07:46:03.26 [1688:1312:1110/074603:ERROR:entry_impl.cc(1035)] No file for c1030bee
11월 10, 2016 07:46:04.55 [1110/074604:ERROR:main_dll_loader_win.cc(196)] Could not find exported function RelaunchChromeBrowserWithNewCommandLineIfNeeded
11월 10, 2016 07:52:14.62 [1110/075214:ERROR:main_dll_loader_win.cc(196)] Could not find exported function RelaunchChromeBrowserWithNewCommandLineIfNeeded
11월 10, 2016 07:52:14.62 [1110/075214:ERROR:main_dll_loader_win.cc(196)] Could not find exported function RelaunchChromeBrowserWithNewCommandLineIfNeeded

11월 10, 2016 22:14:57.66 NEW SESSION
11월 10, 2016 22:14:57.66 [7628:7772:1110/221457:ERROR:connection_factory_impl.cc(367)] Failed to connect to MCS endpoint with error -106
11월 10, 2016 22:15:03.61 [7628:7772:1110/221503:ERROR:connection_factory_impl.cc(367)] Failed to connect to MCS endpoint with error -106
11월 10, 2016 22:15:31.57 [7628:7588:1110/221531:ERROR:account_tracker.cc(357)] OnGetTokenFailure: Connection failed (-106).
11월 10, 2016 22:15:31.58 [7628:7588:1110/221531:ERROR:account_tracker.cc(357)] OnGetTokenFailure: Connection failed (-106).
11월 10, 2016 22:15:46.33 [7628:7772:1110/221546:ERROR:connection_factory_impl.cc(367)] Failed to connect to MCS endpoint with error -106
11월 10, 2016 22:17:11.77 [7628:7772:1110/221711:ERROR:connection_factory_impl.cc(367)] Failed to connect to MCS endpoint with error -106
11월 10, 2016 22:17:23.49 [7628:7588:1110/221723:ERROR:gcm_channel_status_request.cc(89)] GCM channel request failed.
11월 10, 2016 22:17:44.55 [7628:7588:1110/221744:ERROR:gcm_channel_status_request.cc(89)] GCM channel request failed.
11월 10, 2016 22:18:39.92 [7628:7588:1110/221839:ERROR:gcm_channel_status_request.cc(89)] GCM channel request failed.
11월 10, 2016 22:20:26.69 [7628:7772:1110/222026:ERROR:connection_factory_impl.cc(367)] Failed to connect to MCS endpoint with error -106
11월 10, 2016 22:20:29.68 [7628:7588:1110/222029:ERROR:gcm_channel_status_request.cc(89)] GCM channel request failed.
11월 10, 2016 22:23:36.94 [7628:7588:1110/222336:ERROR:gcm_channel_status_request.cc(89)] GCM channel request failed.
